TN:
SF:D:\Entwicklung\Git\js-framework-benchmark\zliq\demo\demo_app.jsx
FN:45,(anonymous_0)
FNF:1
FNH:1
FNDA:2,(anonymous_0)
DA:20,1
DA:25,1
DA:45,2
DA:50,1
LF:4
LH:4
BRF:0
BRH:0
end_of_record
TN:
SF:D:\Entwicklung\Git\js-framework-benchmark\zliq\demo\header.jsx
FN:4,(anonymous_0)
FN:10,(anonymous_1)
FN:11,(anonymous_2)
FN:34,(anonymous_3)
FN:43,scrollUp
FN:47,scrollTo
FN:52,(anonymous_6)
FNF:7
FNH:3
FNDA:1,(anonymous_0)
FNDA:2,(anonymous_1)
FNDA:0,(anonymous_2)
FNDA:1,(anonymous_3)
FNDA:0,scrollUp
FNDA:0,scrollTo
FNDA:0,(anonymous_6)
DA:4,1
DA:5,1
DA:6,1
DA:8,1
DA:9,1
DA:10,2
DA:11,0
DA:34,1
DA:35,1
DA:36,0
DA:37,0
DA:40,1
DA:44,0
DA:48,0
DA:49,0
DA:50,0
DA:52,0
DA:53,0
DA:54,0
DA:55,0
LF:20
LH:9
BRDA:10,0,0,0
BRDA:10,0,1,2
BRDA:11,1,0,0
BRDA:11,1,1,0
BRDA:35,2,0,1
BRDA:35,2,1,0
BRDA:35,3,0,1
BRDA:35,3,1,1
BRDA:48,4,0,0
BRDA:48,4,1,0
BRDA:54,5,0,0
BRDA:54,5,1,0
BRF:12
BRH:4
end_of_record
TN:
SF:D:\Entwicklung\Git\js-framework-benchmark\zliq\demo\infos.jsx
FN:3,(anonymous_0)
FN:15,(anonymous_1)
FNF:2
FNH:2
FNDA:3,(anonymous_0)
FNDA:1,(anonymous_1)
DA:3,1
DA:4,3
DA:15,1
LF:3
LH:3
BRF:0
BRH:0
end_of_record
TN:
SF:D:\Entwicklung\Git\js-framework-benchmark\zliq\demo\playground.jsx
FN:5,(anonymous_0)
FNF:1
FNH:1
FNDA:1,(anonymous_0)
DA:5,1
DA:6,1
LF:2
LH:2
BRF:0
BRH:0
end_of_record
TN:
SF:D:\Entwicklung\Git\js-framework-benchmark\zliq\demo\subheader.jsx
FN:3,(anonymous_0)
FNF:1
FNH:1
FNDA:9,(anonymous_0)
DA:3,1
DA:4,9
LF:2
LH:2
BRF:0
BRH:0
end_of_record
TN:
SF:D:\Entwicklung\Git\js-framework-benchmark\zliq\demo\tutorial.jsx
FN:6,(anonymous_0)
FNF:1
FNH:1
FNDA:1,(anonymous_0)
DA:6,1
DA:7,1
LF:2
LH:2
BRF:0
BRH:0
end_of_record
TN:
SF:D:\Entwicklung\Git\js-framework-benchmark\zliq\demo\utils.jsx
FN:6,(anonymous_0)
FN:11,(anonymous_1)
FN:12,(anonymous_2)
FN:23,(anonymous_3)
FNF:4
FNH:3
FNDA:24,(anonymous_0)
FNDA:218,(anonymous_1)
FNDA:174,(anonymous_2)
FNDA:0,(anonymous_3)
DA:6,1
DA:8,24
DA:9,24
DA:11,218
DA:12,174
DA:14,24
DA:15,24
DA:16,24
DA:17,24
DA:18,24
DA:23,1
DA:24,0
LF:12
LH:11
BRF:0
BRH:0
end_of_record
TN:
SF:D:\Entwicklung\Git\js-framework-benchmark\zliq\src\index.js
FNF:0
FNH:0
LF:0
LH:0
BRF:0
BRH:0
end_of_record
TN:
SF:D:\Entwicklung\Git\js-framework-benchmark\zliq\src\utils\index.js
FNF:0
FNH:0
LF:0
LH:0
BRF:0
BRH:0
end_of_record
TN:
SF:D:\Entwicklung\Git\js-framework-benchmark\zliq\src\utils\router.js
FN:3,interceptLinks
FN:6,interceptClickEvent
FN:19,(anonymous_2)
FN:33,dispatchRouteChange
FN:44,(anonymous_4)
FN:57,getUrlParams
FN:89,Router
FN:104,(anonymous_7)
FN:112,(anonymous_8)
FN:114,(anonymous_9)
FN:117,initRouter
FNF:11
FNH:8
FNDA:4,interceptLinks
FNDA:0,interceptClickEvent
FNDA:0,(anonymous_2)
FNDA:3,dispatchRouteChange
FNDA:0,(anonymous_4)
FNDA:3,getUrlParams
FNDA:2,Router
FNDA:3,(anonymous_7)
FNDA:3,(anonymous_8)
FNDA:3,(anonymous_9)
FNDA:4,initRouter
DA:8,0
DA:9,0
DA:10,0
DA:11,0
DA:14,0
DA:15,0
DA:17,0
DA:18,0
DA:19,0
DA:20,0
DA:21,0
DA:26,0
DA:35,3
DA:37,3
DA:44,4
DA:45,0
DA:49,4
DA:52,4
DA:53,3
DA:62,3
DA:63,3
DA:64,3
DA:67,3
DA:68,3
DA:70,3
DA:71,3
DA:72,2
DA:74,2
DA:75,2
DA:77,0
DA:78,0
DA:79,0
DA:82,0
DA:85,3
DA:90,2
DA:91,0
DA:92,0
DA:94,2
DA:95,0
DA:96,0
DA:100,2
DA:103,2
DA:105,3
DA:106,3
DA:108,0
DA:111,2
DA:112,3
DA:113,2
DA:114,3
DA:118,4
DA:124,4
DA:126,4
LF:52
LH:30
BRDA:8,0,0,0
BRDA:8,0,1,0
BRDA:9,1,0,0
BRDA:9,1,1,0
BRDA:11,2,0,0
BRDA:11,2,1,0
BRDA:14,3,0,0
BRDA:14,3,1,0
BRDA:18,4,0,0
BRDA:18,4,1,0
BRDA:18,5,0,0
BRDA:18,5,1,0
BRDA:21,6,0,0
BRDA:21,6,1,0
BRDA:38,7,0,0
BRDA:38,7,1,3
BRDA:52,8,0,3
BRDA:52,8,1,1
BRDA:52,9,0,4
BRDA:52,9,1,1
BRDA:67,10,0,0
BRDA:67,10,1,3
BRDA:67,11,0,3
BRDA:67,11,1,0
BRDA:68,12,0,2
BRDA:68,12,1,1
BRDA:68,13,0,3
BRDA:68,13,1,2
BRDA:74,14,0,2
BRDA:74,14,1,0
BRDA:77,15,0,0
BRDA:77,15,1,0
BRDA:90,16,0,0
BRDA:90,16,1,2
BRDA:94,17,0,0
BRDA:94,17,1,2
BRDA:105,18,0,3
BRDA:105,18,1,0
BRDA:114,19,0,2
BRDA:114,19,1,1
BRF:40
BRH:17
end_of_record
TN:
SF:D:\Entwicklung\Git\js-framework-benchmark\zliq\src\utils\streamy-dom.js
FN:23,createElement
FN:31,manageProperties
FN:32,(anonymous_2)
FN:34,applyPropertyToElement
FN:67,manageChildren
FN:71,(anonymous_5)
FN:72,(anonymous_6)
FN:83,(anonymous_7)
FN:88,(anonymous_8)
FN:99,getElementsBefore
FN:100,(anonymous_10)
FN:106,calcChanges
FN:161,removeElements
FN:172,setElements
FN:173,(anonymous_14)
FN:181,addElements
FN:185,(anonymous_16)
FN:197,updateDOMforChild
FN:216,(anonymous_18)
FN:240,makeChildrenNodes
FN:241,(anonymous_20)
FN:252,notify
FNF:22
FNH:22
FNDA:207,createElement
FNDA:207,manageProperties
FNDA:208,(anonymous_2)
FNDA:134,applyPropertyToElement
FNDA:207,manageChildren
FNDA:343,(anonymous_5)
FNDA:347,(anonymous_6)
FNDA:346,(anonymous_7)
FNDA:345,(anonymous_8)
FNDA:345,getElementsBefore
FNDA:2510,(anonymous_10)
FNDA:347,calcChanges
FNDA:2,removeElements
FNDA:2,setElements
FNDA:3,(anonymous_14)
FNDA:342,addElements
FNDA:372,(anonymous_16)
FNDA:346,updateDOMforChild
FNDA:346,(anonymous_18)
FNDA:346,makeChildrenNodes
FNDA:375,(anonymous_20)
FNDA:719,notify
DA:4,3
DA:5,3
DA:6,3
DA:7,3
DA:8,3
DA:11,3
DA:16,3
DA:24,207
DA:25,207
DA:26,207
DA:27,207
DA:32,207
DA:33,208
DA:34,119
DA:35,134
DA:37,134
DA:42,3
DA:43,3
DA:45,2
DA:46,2
DA:48,131
DA:49,94
DA:52,37
DA:53,0
DA:56,37
DA:57,1
DA:59,36
DA:71,207
DA:72,343
DA:74,347
DA:76,347
DA:77,2
DA:80,345
DA:82,345
DA:84,346
DA:89,345
DA:92,345
DA:100,2510
DA:107,347
DA:108,347
DA:110,347
DA:111,2
DA:114,345
DA:115,375
DA:116,375
DA:117,375
DA:118,0
DA:120,375
DA:125,375
DA:127,375
DA:128,31
DA:130,0
DA:133,31
DA:134,31
DA:138,344
DA:147,345
DA:148,2
DA:156,345
DA:162,2
DA:163,2
DA:164,2
DA:165,2
DA:167,2
DA:169,2
DA:173,2
DA:174,3
DA:175,3
DA:176,3
DA:178,2
DA:184,342
DA:185,342
DA:186,372
DA:187,372
DA:189,0
DA:191,372
DA:193,342
DA:199,346
DA:203,346
DA:204,342
DA:205,342
DA:206,2
DA:207,2
DA:208,2
DA:209,2
DA:211,0
DA:216,346
DA:217,346
DA:218,1
DA:227,345
DA:241,346
DA:242,375
DA:243,159
DA:245,216
DA:253,719
DA:256,719
LF:95
LH:90
BRDA:33,0,0,89
BRDA:33,0,1,119
BRDA:37,1,0,3
BRDA:37,1,1,131
BRDA:43,2,0,2
BRDA:43,2,1,1
BRDA:48,3,0,94
BRDA:48,3,1,37
BRDA:48,4,0,131
BRDA:48,4,1,37
BRDA:52,5,0,0
BRDA:52,5,1,37
BRDA:52,6,0,37
BRDA:52,6,1,1
BRDA:56,7,0,1
BRDA:56,7,1,36
BRDA:76,8,0,2
BRDA:76,8,1,345
BRDA:110,9,0,2
BRDA:110,9,1,345
BRDA:110,10,0,347
BRDA:110,10,1,344
BRDA:117,11,0,0
BRDA:117,11,1,375
BRDA:120,12,0,0
BRDA:120,12,1,375
BRDA:120,13,0,375
BRDA:120,13,1,3
BRDA:121,14,0,372
BRDA:121,14,1,3
BRDA:121,15,0,375
BRDA:121,15,1,372
BRDA:125,16,0,31
BRDA:125,16,1,344
BRDA:127,17,0,31
BRDA:127,17,1,344
BRDA:127,18,0,375
BRDA:127,18,1,31
BRDA:128,19,0,0
BRDA:128,19,1,31
BRDA:147,20,0,2
BRDA:147,20,1,343
BRDA:164,21,0,2
BRDA:164,21,1,0
BRDA:186,22,0,372
BRDA:186,22,1,0
BRDA:203,23,0,342
BRDA:203,23,1,2
BRDA:203,23,2,2
BRDA:203,23,3,0
BRDA:217,24,0,1
BRDA:217,24,1,345
BRDA:217,25,0,346
BRDA:217,25,1,346
BRDA:222,26,0,0
BRDA:222,26,1,1
BRDA:230,27,0,2
BRDA:230,27,1,343
BRDA:241,28,0,2
BRDA:241,28,1,344
BRDA:242,29,0,159
BRDA:242,29,1,216
BRDA:242,30,0,375
BRDA:242,30,1,375
BRDA:242,30,2,244
BRF:65
BRH:57
end_of_record
TN:
SF:D:\Entwicklung\Git\js-framework-benchmark\zliq\src\utils\streamy-helpers.js
FN:4,(anonymous_0)
FN:11,(anonymous_1)
FN:16,(anonymous_2)
FN:28,if$
FN:29,(anonymous_4)
FN:34,join$
FN:35,(anonymous_6)
FN:44,(anonymous_7)
FNF:8
FNH:8
FNDA:3,(anonymous_0)
FNDA:2,(anonymous_1)
FNDA:1,(anonymous_2)
FNDA:2,if$
FNDA:2,(anonymous_4)
FNDA:2,join$
FNDA:4,(anonymous_6)
FNDA:2,(anonymous_7)
DA:4,3
DA:5,3
DA:11,3
DA:12,2
DA:17,1
DA:23,3
DA:29,2
DA:35,2
DA:36,4
DA:37,0
DA:39,4
DA:40,1
DA:42,3
DA:44,2
LF:14
LH:13
BRDA:29,0,0,0
BRDA:29,0,1,2
BRDA:29,1,0,0
BRDA:29,1,1,0
BRDA:29,2,0,2
BRDA:29,2,1,0
BRDA:36,3,0,0
BRDA:36,3,1,4
BRDA:36,4,0,4
BRDA:36,4,1,4
BRDA:39,5,0,1
BRDA:39,5,1,3
BRF:12
BRH:7
end_of_record
TN:
SF:D:\Entwicklung\Git\js-framework-benchmark\zliq\src\utils\streamy-hyperscript.js
FN:7,(anonymous_0)
FN:25,makeChildrenStreams$
FN:34,(anonymous_2)
FN:36,(anonymous_3)
FN:36,(anonymous_4)
FN:38,(anonymous_5)
FN:38,(anonymous_6)
FN:43,makeStreams
FN:44,(anonymous_8)
FN:53,makeArray
FN:54,(anonymous_10)
FN:66,flatten
FN:67,(anonymous_12)
FN:68,(anonymous_13)
FN:78,wrapProps$
FN:86,(anonymous_15)
FN:89,(anonymous_16)
FN:98,(anonymous_17)
FN:114,(anonymous_18)
FN:115,(anonymous_19)
FNF:20
FNH:19
FNDA:254,(anonymous_0)
FNDA:207,makeChildrenStreams$
FNDA:343,(anonymous_2)
FNDA:343,(anonymous_3)
FNDA:347,(anonymous_4)
FNDA:343,(anonymous_5)
FNDA:347,(anonymous_6)
FNDA:554,makeStreams
FNDA:718,(anonymous_8)
FNDA:343,makeArray
FNDA:347,(anonymous_10)
FNDA:343,flatten
FNDA:347,(anonymous_12)
FNDA:380,(anonymous_13)
FNDA:207,wrapProps$
FNDA:132,(anonymous_15)
FNDA:5,(anonymous_16)
FNDA:0,(anonymous_17)
FNDA:119,(anonymous_18)
FNDA:134,(anonymous_19)
DA:7,3
DA:10,254
DA:11,47
DA:13,207
DA:28,207
DA:30,207
DA:32,207
DA:34,343
DA:36,347
DA:38,347
DA:44,554
DA:45,718
DA:46,711
DA:48,7
DA:54,343
DA:55,347
DA:56,2
DA:58,345
DA:59,337
DA:61,8
DA:67,343
DA:68,380
DA:69,5
DA:71,347
DA:79,207
DA:80,118
DA:81,0
DA:86,118
DA:87,132
DA:88,132
DA:89,4
DA:90,5
DA:97,128
DA:98,0
DA:99,0
DA:106,128
DA:114,118
DA:115,119
DA:116,134
DA:117,134
LF:40
LH:37
BRDA:10,0,0,47
BRDA:10,0,1,207
BRDA:45,1,0,711
BRDA:45,1,1,7
BRDA:45,2,0,718
BRDA:45,2,1,718
BRDA:55,3,0,2
BRDA:55,3,1,345
BRDA:58,4,0,337
BRDA:58,4,1,8
BRDA:79,5,0,89
BRDA:79,5,1,118
BRDA:80,6,0,0
BRDA:80,6,1,118
BRDA:88,7,0,4
BRDA:88,7,1,128
BRDA:97,8,0,0
BRDA:97,8,1,128
BRDA:97,9,0,128
BRDA:97,9,1,128
BRF:20
BRH:18
end_of_record
TN:
SF:D:\Entwicklung\Git\js-framework-benchmark\zliq\src\utils\streamy.js
FN:8,(anonymous_0)
FN:9,s
FN:19,(anonymous_2)
FN:20,(anonymous_3)
FN:21,(anonymous_4)
FN:22,(anonymous_5)
FN:23,(anonymous_6)
FN:24,(anonymous_7)
FN:25,(anonymous_8)
FN:26,(anonymous_9)
FN:34,valuesChanged
FN:41,update
FN:52,notifyListeners
FN:53,notifyListener
FN:61,map
FN:63,mapValue
FN:72,flatMap
FN:74,mapValue
FN:75,updateOuterStream
FN:86,filter
FN:88,filterValue
FN:100,deepSelect
FN:103,select
FN:104,(anonymous_23)
FN:110,deepSelectValue
FN:116,query
FN:120,(anonymous_26)
FN:127,distinct
FN:127,(anonymous_28)
FN:129,deepSelectValue
FN:141,patch
FN:153,reduce
FN:156,reduceValue
FN:166,merge$
FN:167,(anonymous_34)
FN:169,triggerMergedStreamUpdate
FN:170,updateMergedStream
FN:171,(anonymous_37)
FN:177,isStream
FNF:39
FNH:29
FNDA:3500,(anonymous_0)
FNDA:2910,s
FNDA:1392,(anonymous_2)
FNDA:343,(anonymous_3)
FNDA:0,(anonymous_4)
FNDA:0,(anonymous_5)
FNDA:0,(anonymous_6)
FNDA:1,(anonymous_7)
FNDA:8,(anonymous_8)
FNDA:343,(anonymous_9)
FNDA:0,valuesChanged
FNDA:53,update
FNDA:48,notifyListeners
FNDA:38,notifyListener
FNDA:1392,map
FNDA:28,mapValue
FNDA:343,flatMap
FNDA:4,mapValue
FNDA:4,updateOuterStream
FNDA:0,filter
FNDA:0,filterValue
FNDA:1,deepSelect
FNDA:2,select
FNDA:2,(anonymous_23)
FNDA:1,deepSelectValue
FNDA:1,query
FNDA:0,(anonymous_26)
FNDA:0,distinct
FNDA:0,(anonymous_28)
FNDA:0,deepSelectValue
FNDA:8,patch
FNDA:343,reduce
FNDA:4,reduceValue
FNDA:467,merge$
FNDA:511,(anonymous_34)
FNDA:511,triggerMergedStreamUpdate
FNDA:1,updateMergedStream
FNDA:2,(anonymous_37)
FNDA:968,isStream
DA:8,3
DA:10,2910
DA:11,53
DA:12,53
DA:15,3500
DA:16,3500
DA:17,3500
DA:19,3500
DA:20,3500
DA:21,3500
DA:22,3500
DA:23,3500
DA:24,3500
DA:25,3500
DA:26,3500
DA:28,3500
DA:35,0
DA:42,53
DA:43,5
DA:45,48
DA:46,48
DA:53,48
DA:54,38
DA:62,1392
DA:63,1392
DA:64,28
DA:66,1392
DA:73,343
DA:74,343
DA:75,4
DA:76,4
DA:79,343
DA:87,0
DA:88,0
DA:89,0
DA:90,0
DA:93,0
DA:101,1
DA:104,2
DA:105,2
DA:109,1
DA:110,1
DA:111,1
DA:113,1
DA:117,1
DA:118,1
DA:120,0
DA:127,0
DA:128,0
DA:129,0
DA:130,0
DA:131,0
DA:134,0
DA:142,8
DA:143,0
DA:144,0
DA:146,8
DA:154,343
DA:155,343
DA:156,343
DA:157,4
DA:158,4
DA:160,343
DA:167,511
DA:168,467
DA:169,467
DA:170,511
DA:171,2
DA:174,467
DA:178,968
LF:70
LH:55
BRDA:10,0,0,2857
BRDA:10,0,1,53
BRDA:16,1,0,3497
BRDA:16,1,1,3
BRDA:42,2,0,5
BRDA:42,2,1,48
BRDA:87,3,0,0
BRDA:87,3,1,0
BRDA:89,4,0,0
BRDA:89,4,1,0
BRDA:117,5,0,1
BRDA:117,5,1,0
BRDA:127,6,0,0
BRDA:130,7,0,0
BRDA:130,7,1,0
BRDA:142,8,0,0
BRDA:142,8,1,8
BRDA:178,9,0,968
BRDA:178,9,1,967
BRF:19
BRH:10
end_of_record
TN:
SF:D:\Entwicklung\Git\js-framework-benchmark\zliq\test\helpers\empty-module.js
FNF:0
FNH:0
DA:1,1
LF:1
LH:1
BRF:0
BRH:0
end_of_record
TN:
SF:D:\Entwicklung\Git\js-framework-benchmark\zliq\test\helpers\rAF.js
FN:8,(anonymous_0)
FN:18,(anonymous_1)
FN:21,(anonymous_2)
FN:28,(anonymous_3)
FNF:4
FNH:3
FNDA:3,(anonymous_0)
FNDA:1,(anonymous_1)
FNDA:1,(anonymous_2)
FNDA:0,(anonymous_3)
DA:8,3
DA:9,3
DA:10,3
DA:11,3
DA:12,12
DA:13,12
DA:17,3
DA:18,3
DA:19,1
DA:20,1
DA:21,1
DA:23,1
DA:24,1
DA:27,3
DA:28,3
DA:29,0
LF:16
LH:15
BRDA:11,0,0,15
BRDA:11,0,1,12
BRDA:13,1,0,12
BRDA:13,1,1,12
BRDA:17,2,0,3
BRDA:17,2,1,0
BRDA:27,3,0,3
BRDA:27,3,1,0
BRF:8
BRH:6
end_of_record
